[debug] [2025-08-14T16:08:40.298Z] ----------------------------------------------------------------------
[debug] [2025-08-14T16:08:40.300Z] Command:       C:\Program Files\nodejs\node.exe C:\Users\yashw\AppData\Roaming\npm\node_modules\firebase-tools\lib\bin\firebase.js init hosting
[debug] [2025-08-14T16:08:40.301Z] CLI Version:   14.12.0
[debug] [2025-08-14T16:08:40.301Z] Platform:      win32
[debug] [2025-08-14T16:08:40.301Z] Node Version:  v22.15.0
[debug] [2025-08-14T16:08:40.301Z] Time:          Thu Aug 14 2025 21:38:40 GMT+0530 (India Standard Time)
[debug] [2025-08-14T16:08:40.301Z] ----------------------------------------------------------------------
[debug] 
[debug] [2025-08-14T16:08:40.505Z] > command requires scopes: ["email","openid","https://www.googleapis.com/auth/cloudplatformprojects.readonly","https://www.googleapis.com/auth/firebase","https://www.googleapis.com/auth/cloud-platform"]
[debug] [2025-08-14T16:08:40.505Z] > authorizing via signed-in user (yashman911@gmail.com)
[info] 
     ######## #### ########  ######## ########     ###     ######  ########
     ##        ##  ##     ## ##       ##     ##  ##   ##  ##       ##
     ######    ##  ########  ######   ########  #########  ######  ######
     ##        ##  ##    ##  ##       ##     ## ##     ##       ## ##
     ##       #### ##     ## ######## ########  ##     ##  ######  ########

You're about to initialize a Firebase project in this directory:

  C:\Users\yashw\OneDrive\Desktop\MyProject\WebsiteOrganiser\WebsiteSaver

Before we get started, keep in mind:

  * You are initializing within an existing Firebase project directory

[info] 
=== Project Setup
[info] 
[info] First, let's associate this project directory with a Firebase project.
[info] You can create multiple project aliases by running firebase use --add, 
[info] but for now we'll just set up a default project.
[info] 
[debug] [2025-08-14T16:09:13.453Z] Using project from CLI flag: websitesaver
[debug] [2025-08-14T16:09:13.455Z] Checked if tokens are valid: false, expires at: 1755157669505
[debug] [2025-08-14T16:09:13.455Z] Checked if tokens are valid: false, expires at: 1755157669505
[debug] [2025-08-14T16:09:13.455Z] > refreshing access token with scopes: []
[debug] [2025-08-14T16:09:13.456Z] >>> [apiv2][query] POST https://www.googleapis.com/oauth2/v3/token [none]
[debug] [2025-08-14T16:09:13.457Z] >>> [apiv2][body] POST https://www.googleapis.com/oauth2/v3/token [omitted]
[debug] [2025-08-14T16:09:13.947Z] <<< [apiv2][status] POST https://www.googleapis.com/oauth2/v3/token 200
[debug] [2025-08-14T16:09:13.947Z] <<< [apiv2][body] POST https://www.googleapis.com/oauth2/v3/token [omitted]
[debug] [2025-08-14T16:09:13.955Z] >>> [apiv2][query] GET https://firebase.googleapis.com/v1beta1/projects/websitesaver [none]
[debug] [2025-08-14T16:09:14.618Z] <<< [apiv2][status] GET https://firebase.googleapis.com/v1beta1/projects/websitesaver 200
[debug] [2025-08-14T16:09:14.618Z] <<< [apiv2][body] GET https://firebase.googleapis.com/v1beta1/projects/websitesaver {"projectId":"websitesaver","projectNumber":"245819644575","displayName":"WebsiteSaver","name":"projects/websitesaver","resources":{"hostingSite":"websitesaver","realtimeDatabaseInstance":"websitesaver-default-rtdb"},"state":"ACTIVE","etag":"1_b97bbb68-b3ea-4ab5-8c0b-2373cda2c1cf"}
[info] i  Using project websitesaver (WebsiteSaver) 
[info] 
=== Hosting Setup
[debug] [2025-08-14T16:09:14.883Z] Checked if tokens are valid: true, expires at: 1755191352947
[debug] [2025-08-14T16:09:14.884Z] Checked if tokens are valid: true, expires at: 1755191352947
[debug] [2025-08-14T16:09:14.884Z] >>> [apiv2][query] GET https://firebase.googleapis.com/v1beta1/projects/websitesaver [none]
[debug] [2025-08-14T16:09:15.289Z] <<< [apiv2][status] GET https://firebase.googleapis.com/v1beta1/projects/websitesaver 200
[debug] [2025-08-14T16:09:15.289Z] <<< [apiv2][body] GET https://firebase.googleapis.com/v1beta1/projects/websitesaver {"projectId":"websitesaver","projectNumber":"245819644575","displayName":"WebsiteSaver","name":"projects/websitesaver","resources":{"hostingSite":"websitesaver","realtimeDatabaseInstance":"websitesaver-default-rtdb"},"state":"ACTIVE","etag":"1_b97bbb68-b3ea-4ab5-8c0b-2373cda2c1cf"}
[info] 
[info] Your public directory is the folder (relative to your project directory) that
[info] will contain Hosting assets to be uploaded with firebase deploy. If you
[info] have a build process for your assets, use your build's output directory.
[info] 
[debug] [2025-09-23T02:07:13.399Z] ----------------------------------------------------------------------
[debug] [2025-09-23T02:07:13.402Z] Command:       C:\Program Files\nodejs\node.exe C:\Users\yashw\AppData\Roaming\npm\node_modules\firebase-tools\lib\bin\firebase.js deploy
[debug] [2025-09-23T02:07:13.402Z] CLI Version:   14.14.0
[debug] [2025-09-23T02:07:13.402Z] Platform:      win32
[debug] [2025-09-23T02:07:13.402Z] Node Version:  v22.19.0
[debug] [2025-09-23T02:07:13.403Z] Time:          Tue Sep 23 2025 07:37:13 GMT+0530 (India Standard Time)
[debug] [2025-09-23T02:07:13.403Z] ----------------------------------------------------------------------
[debug] 
[debug] [2025-09-23T02:07:13.405Z] >>> [apiv2][query] GET https://firebase-public.firebaseio.com/cli.json [none]
[debug] [2025-09-23T02:07:13.661Z] > command requires scopes: ["email","openid","https://www.googleapis.com/auth/cloudplatformprojects.readonly","https://www.googleapis.com/auth/firebase","https://www.googleapis.com/auth/cloud-platform"]
[debug] [2025-09-23T02:07:13.662Z] > authorizing via signed-in user (yashman911@gmail.com)
[debug] [2025-09-23T02:07:13.662Z] [iam] checking project websitesaver for permissions ["firebase.projects.get","firebasehosting.sites.update"]
[debug] [2025-09-23T02:07:13.663Z] Checked if tokens are valid: false, expires at: 1758310255378
[debug] [2025-09-23T02:07:13.663Z] Checked if tokens are valid: false, expires at: 1758310255378
[debug] [2025-09-23T02:07:13.663Z] > refreshing access token with scopes: []
[debug] [2025-09-23T02:07:13.664Z] >>> [apiv2][query] POST https://www.googleapis.com/oauth2/v3/token [none]
[debug] [2025-09-23T02:07:13.664Z] >>> [apiv2][body] POST https://www.googleapis.com/oauth2/v3/token [omitted]
[debug] [2025-09-23T02:07:14.006Z] <<< [apiv2][status] POST https://www.googleapis.com/oauth2/v3/token 200
[debug] [2025-09-23T02:07:14.006Z] <<< [apiv2][body] POST https://www.googleapis.com/oauth2/v3/token [omitted]
[debug] [2025-09-23T02:07:14.038Z] >>> [apiv2][query] POST https://cloudresourcemanager.googleapis.com/v1/projects/websitesaver:testIamPermissions [none]
[debug] [2025-09-23T02:07:14.038Z] >>> [apiv2][(partial)header] POST https://cloudresourcemanager.googleapis.com/v1/projects/websitesaver:testIamPermissions x-goog-quota-user=projects/websitesaver
[debug] [2025-09-23T02:07:14.038Z] >>> [apiv2][body] POST https://cloudresourcemanager.googleapis.com/v1/projects/websitesaver:testIamPermissions {"permissions":["firebase.projects.get","firebasehosting.sites.update"]}
[debug] [2025-09-23T02:07:14.380Z] <<< [apiv2][status] GET https://firebase-public.firebaseio.com/cli.json 200
[debug] [2025-09-23T02:07:14.381Z] <<< [apiv2][body] GET https://firebase-public.firebaseio.com/cli.json {"cloudBuildErrorAfter":1594252800000,"cloudBuildWarnAfter":1590019200000,"defaultNode10After":1594252800000,"minVersion":"3.0.5","node8DeploysDisabledAfter":1613390400000,"node8RuntimeDisabledAfter":1615809600000,"node8WarnAfter":1600128000000}
[debug] [2025-09-23T02:07:15.721Z] <<< [apiv2][status] POST https://cloudresourcemanager.googleapis.com/v1/projects/websitesaver:testIamPermissions 200
[debug] [2025-09-23T02:07:15.721Z] <<< [apiv2][body] POST https://cloudresourcemanager.googleapis.com/v1/projects/websitesaver:testIamPermissions {}
[debug] [2025-09-23T02:07:15.722Z] [iam] error while checking permissions, command may fail: Authorization failed. This account is missing the following required permissions on project websitesaver:

  firebase.projects.get
  firebasehosting.sites.update
[debug] [2025-09-23T02:07:15.724Z] Checked if tokens are valid: true, expires at: 1758596833007
[debug] [2025-09-23T02:07:15.724Z] Checked if tokens are valid: true, expires at: 1758596833007
[debug] [2025-09-23T02:07:15.724Z] >>> [apiv2][query] GET https://firebase.googleapis.com/v1beta1/projects/websitesaver [none]
[debug] [2025-09-23T02:07:16.798Z] <<< [apiv2][status] GET https://firebase.googleapis.com/v1beta1/projects/websitesaver 403
[debug] [2025-09-23T02:07:16.798Z] <<< [apiv2][body] GET https://firebase.googleapis.com/v1beta1/projects/websitesaver {"error":{"code":403,"message":"The caller does not have permission","status":"PERMISSION_DENIED"}}
[debug] [2025-09-23T02:07:16.800Z] Request to https://firebase.googleapis.com/v1beta1/projects/websitesaver had HTTP Error: 403, The caller does not have permission
[debug] [2025-09-23T02:07:16.802Z] FirebaseError: Request to https://firebase.googleapis.com/v1beta1/projects/websitesaver had HTTP Error: 403, The caller does not have permission
    at responseToError (C:\Users\yashw\AppData\Roaming\npm\node_modules\firebase-tools\lib\responseToError.js:52:12)
    at RetryOperation._fn (C:\Users\yashw\AppData\Roaming\npm\node_modules\firebase-tools\lib\apiv2.js:312:77)
    at process.processTicksAndRejections (node:internal/process/task_queues:105:5)
[error] 
[error] Error: Failed to get Firebase project websitesaver. Please make sure the project exists and your account has permission to access it.
